{
  "RSpec": {
    "coverage": {
      "/Users/efrain/Documents/Interviews/koombea/twitter-clone-project/twitter-clone/config/environment.rb": {
        "lines": [
          null,
          1,
          null,
          null,
          1
        ]
      },
      "/Users/efrain/Documents/Interviews/koombea/twitter-clone-project/twitter-clone/config/application.rb": {
        "lines": [
          1,
          null,
          1,
          null,
          1,
          1,
          1,
          1,
          1,
          1,
          1,
          1,
          1,
          1,
          1,
          null,
          null,
          null,
          null,
          1,
          null,
          1,
          1,
          null,
          1,
          null,
          null,
          null,
          null,
          null,
          null,
          null,
          1,
          null,
          null
        ]
      },
      "/Users/efrain/Documents/Interviews/koombea/twitter-clone-project/twitter-clone/config/boot.rb": {
        "lines": [
          1,
          null,
          1,
          1
        ]
      },
      "/Users/efrain/Documents/Interviews/koombea/twitter-clone-project/twitter-clone/config/environments/test.rb": {
        "lines": [
          null,
          null,
          null,
          null,
          null,
          1,
          null,
          null,
          1,
          1,
          null,
          null,
          null,
          null,
          1,
          null,
          null,
          1,
          1,
          null,
          null,
          null,
          null,
          1,
          1,
          1,
          null,
          null,
          1,
          null,
          null,
          1,
          null,
          null,
          1,
          null,
          1,
          null,
          null,
          null,
          null,
          1,
          null,
          null,
          1,
          null,
          null,
          null,
          null
        ]
      },
      "/Users/efrain/Documents/Interviews/koombea/twitter-clone-project/twitter-clone/config/initializers/application_controller_renderer.rb": {
        "lines": [
          null,
          null,
          null,
          null,
          null,
          null,
          null,
          null
        ]
      },
      "/Users/efrain/Documents/Interviews/koombea/twitter-clone-project/twitter-clone/config/initializers/assets.rb": {
        "lines": [
          null,
          null,
          null,
          1,
          null,
          null,
          null,
          null,
          1,
          null,
          null,
          null,
          null,
          null
        ]
      },
      "/Users/efrain/Documents/Interviews/koombea/twitter-clone-project/twitter-clone/config/initializers/backtrace_silencers.rb": {
        "lines": [
          null,
          null,
          null,
          null,
          null,
          null,
          null
        ]
      },
      "/Users/efrain/Documents/Interviews/koombea/twitter-clone-project/twitter-clone/config/initializers/content_security_policy.rb": {
        "lines": [
          null,
          null,
          null,
          null,
          null,
          null,
          null,
          null,
          null,
          null,
          null,
          null,
          null,
          null,
          null,
          null,
          null,
          null,
          null,
          null,
          null,
          null,
          null,
          null,
          null,
          null,
          null,
          null,
          null,
          null
        ]
      },
      "/Users/efrain/Documents/Interviews/koombea/twitter-clone-project/twitter-clone/config/initializers/cookies_serializer.rb": {
        "lines": [
          null,
          null,
          null,
          null,
          1
        ]
      },
      "/Users/efrain/Documents/Interviews/koombea/twitter-clone-project/twitter-clone/config/initializers/devise.rb": {
        "lines": [
          null,
          null,
          null,
          null,
          null,
          null,
          null,
          null,
          null,
          null,
          1,
          null,
          null,
          null,
          null,
          null,
          null,
          null,
          null,
          null,
          null,
          null,
          null,
          null,
          null,
          null,
          1,
          null,
          null,
          null,
          null,
          null,
          null,
          null,
          null,
          null,
          null,
          null,
          1,
          null,
          null,
          null,
          null,
          null,
          null,
          null,
          null,
          null,
          null,
          null,
          null,
          null,
          null,
          null,
          null,
          null,
          null,
          null,
          null,
          null,
          1,
          null,
          null,
          null,
          null,
          1,
          null,
          null,
          null,
          null,
          null,
          null,
          null,
          null,
          null,
          null,
          null,
          null,
          null,
          null,
          null,
          null,
          null,
          null,
          null,
          null,
          null,
          null,
          null,
          null,
          null,
          null,
          null,
          null,
          null,
          null,
          null,
          null,
          null,
          1,
          null,
          null,
          null,
          null,
          null,
          null,
          null,
          null,
          null,
          null,
          null,
          null,
          null,
          null,
          null,
          null,
          null,
          null,
          null,
          null,
          null,
          null,
          null,
          null,
          null,
          1,
          null,
          null,
          null,
          null,
          null,
          null,
          null,
          null,
          null,
          null,
          null,
          null,
          null,
          null,
          null,
          null,
          null,
          null,
          null,
          null,
          null,
          null,
          null,
          null,
          null,
          null,
          null,
          null,
          null,
          null,
          null,
          null,
          null,
          1,
          null,
          null,
          null,
          null,
          null,
          null,
          null,
          null,
          null,
          1,
          null,
          null,
          null,
          null,
          null,
          null,
          null,
          null,
          null,
          null,
          1,
          null,
          null,
          null,
          null,
          1,
          null,
          null,
          null,
          null,
          null,
          null,
          null,
          null,
          null,
          null,
          null,
          null,
          null,
          null,
          null,
          null,
          null,
          null,
          null,
          null,
          null,
          null,
          null,
          null,
          null,
          null,
          null,
          null,
          null,
          null,
          null,
          null,
          null,
          null,
          null,
          null,
          null,
          null,
          null,
          null,
          1,
          null,
          null,
          null,
          null,
          null,
          null,
          null,
          null,
          null,
          null,
          null,
          null,
          null,
          null,
          null,
          null,
          null,
          null,
          null,
          null,
          null,
          null,
          null,
          null,
          null,
          null,
          null,
          null,
          null,
          null,
          null,
          null,
          null,
          null,
          null,
          null,
          null,
          null,
          null,
          null,
          null,
          1,
          null,
          null,
          null,
          null,
          null,
          null,
          null,
          null,
          null,
          null,
          null,
          null,
          null,
          null,
          null,
          null,
          null,
          null,
          null,
          null,
          null,
          null,
          null,
          null,
          null,
          null,
          null,
          null,
          null,
          null,
          null,
          null,
          null,
          null,
          null,
          null,
          null,
          null,
          null,
          null,
          null,
          null
        ]
      },
      "/Users/efrain/Documents/Interviews/koombea/twitter-clone-project/twitter-clone/config/initializers/filter_parameter_logging.rb": {
        "lines": [
          null,
          null,
          null,
          1
        ]
      },
      "/Users/efrain/Documents/Interviews/koombea/twitter-clone-project/twitter-clone/config/initializers/inflections.rb": {
        "lines": [
          null,
          null,
          null,
          null,
          null,
          null,
          null,
          null,
          null,
          null,
          null,
          null,
          null,
          null,
          null,
          null
        ]
      },
      "/Users/efrain/Documents/Interviews/koombea/twitter-clone-project/twitter-clone/config/initializers/kaminari_config.rb": {
        "lines": [
          null,
          null,
          1,
          1,
          null,
          null,
          null,
          null,
          null,
          null,
          null,
          null,
          null,
          null
        ]
      },
      "/Users/efrain/Documents/Interviews/koombea/twitter-clone-project/twitter-clone/config/initializers/mime_types.rb": {
        "lines": [
          null,
          null,
          null,
          null
        ]
      },
      "/Users/efrain/Documents/Interviews/koombea/twitter-clone-project/twitter-clone/config/initializers/wrap_parameters.rb": {
        "lines": [
          null,
          null,
          null,
          null,
          null,
          null,
          1,
          2,
          null,
          null,
          null,
          null,
          null,
          null
        ]
      },
      "/Users/efrain/Documents/Interviews/koombea/twitter-clone-project/twitter-clone/spec/factories/relationships.rb": {
        "lines": [
          1,
          1,
          1,
          1,
          null,
          null
        ]
      },
      "/Users/efrain/Documents/Interviews/koombea/twitter-clone-project/twitter-clone/spec/factories/tweets.rb": {
        "lines": [
          1,
          1,
          5,
          1,
          null,
          null
        ]
      },
      "/Users/efrain/Documents/Interviews/koombea/twitter-clone-project/twitter-clone/spec/factories/users.rb": {
        "lines": [
          1,
          1,
          186,
          186,
          186,
          186,
          186,
          null,
          null
        ]
      },
      "/Users/efrain/Documents/Interviews/koombea/twitter-clone-project/twitter-clone/config/routes.rb": {
        "lines": [
          1,
          1,
          null,
          null,
          null,
          null,
          1,
          null,
          1,
          null,
          null,
          1,
          1,
          null,
          1,
          1,
          null,
          null,
          null
        ]
      },
      "/Users/efrain/Documents/Interviews/koombea/twitter-clone-project/twitter-clone/app/models/user.rb": {
        "lines": [
          1,
          null,
          null,
          1,
          null,
          null,
          1,
          null,
          1,
          1,
          null,
          1,
          1,
          null,
          6,
          null,
          1,
          null
        ]
      },
      "/Users/efrain/Documents/Interviews/koombea/twitter-clone-project/twitter-clone/app/models/application_record.rb": {
        "lines": [
          1,
          1,
          null
        ]
      },
      "/Users/efrain/Documents/Interviews/koombea/twitter-clone-project/twitter-clone/app/helpers/application_helper.rb": {
        "lines": [
          1,
          null
        ]
      },
      "/Users/efrain/Documents/Interviews/koombea/twitter-clone-project/twitter-clone/app/helpers/tweets_helper.rb": {
        "lines": [
          1,
          null
        ]
      },
      "/Users/efrain/Documents/Interviews/koombea/twitter-clone-project/twitter-clone/app/helpers/users_helper.rb": {
        "lines": [
          1,
          null
        ]
      },
      "/Users/efrain/Documents/Interviews/koombea/twitter-clone-project/twitter-clone/spec/support/factory_bot.rb": {
        "lines": [
          1,
          1,
          null
        ]
      },
      "/Users/efrain/Documents/Interviews/koombea/twitter-clone-project/twitter-clone/spec/support/capybara.rb": {
        "lines": [
          1,
          null,
          1,
          1,
          11,
          null,
          1,
          0,
          null,
          1,
          0,
          null,
          null
        ]
      },
      "/Users/efrain/Documents/Interviews/koombea/twitter-clone-project/twitter-clone/spec/support/database_cleaner.rb": {
        "lines": [
          1,
          null,
          1,
          null,
          1,
          1,
          0,
          null,
          null,
          null,
          null,
          null,
          null,
          null,
          null,
          null,
          null,
          1,
          null,
          null,
          1,
          18,
          null,
          null,
          1,
          null,
          null,
          0,
          null,
          0,
          null,
          null,
          null,
          0,
          null,
          null,
          null,
          1,
          18,
          null,
          null,
          1,
          18,
          null,
          null,
          null
        ]
      },
      "/Users/efrain/Documents/Interviews/koombea/twitter-clone-project/twitter-clone/spec/support/devise.rb": {
        "lines": [
          1,
          null,
          1,
          1,
          null
        ]
      },
      "/Users/efrain/Documents/Interviews/koombea/twitter-clone-project/twitter-clone/spec/support/shoulda_matchers.rb": {
        "lines": [
          1,
          1,
          1,
          1,
          null,
          null
        ]
      },
      "/Users/efrain/Documents/Interviews/koombea/twitter-clone-project/twitter-clone/app/models/relationship.rb": {
        "lines": [
          1,
          1,
          1,
          null
        ]
      },
      "/Users/efrain/Documents/Interviews/koombea/twitter-clone-project/twitter-clone/spec/models/tweet_spec.rb": {
        "lines": [
          1,
          null,
          1,
          5,
          null,
          1,
          1,
          1,
          1,
          1,
          null,
          1,
          null,
          null,
          1,
          1,
          1,
          null,
          1,
          null,
          null,
          null,
          1,
          1,
          1,
          1,
          null,
          1,
          1,
          null,
          null,
          null,
          1,
          1,
          1,
          1,
          null,
          1,
          1,
          null,
          null,
          null,
          null
        ]
      },
      "/Users/efrain/Documents/Interviews/koombea/twitter-clone-project/twitter-clone/app/models/tweet.rb": {
        "lines": [
          1,
          1,
          null,
          1,
          1,
          null,
          null
        ]
      },
      "/Users/efrain/Documents/Interviews/koombea/twitter-clone-project/twitter-clone/spec/system/list_followig_users_spec.rb": {
        "lines": [
          1,
          null,
          1,
          5,
          null,
          1,
          4,
          null,
          null,
          1,
          5,
          null,
          1,
          4,
          null,
          4,
          null,
          null,
          4,
          null,
          null,
          null,
          1,
          1,
          null,
          null,
          1,
          1,
          null,
          1,
          null,
          null,
          1,
          1,
          null,
          null,
          1,
          1,
          1,
          null,
          1,
          null,
          null,
          null
        ]
      },
      "/Users/efrain/Documents/Interviews/koombea/twitter-clone-project/twitter-clone/spec/system/relationships_spec.rb": {
        "lines": [
          1,
          null,
          1,
          5,
          null,
          1,
          4,
          4,
          4,
          null,
          null,
          1,
          1,
          1,
          1,
          null,
          1,
          null,
          null,
          null,
          1,
          1,
          1,
          1,
          null,
          1,
          null,
          null,
          null,
          null,
          1,
          1,
          1,
          1,
          null,
          1,
          null,
          null,
          null,
          1,
          1,
          1,
          1,
          null,
          1,
          null,
          null,
          null,
          null
        ]
      },
      "/Users/efrain/Documents/Interviews/koombea/twitter-clone-project/twitter-clone/spec/system/tweets_spec.rb": {
        "lines": [
          1,
          null,
          1,
          4,
          null,
          1,
          3,
          null,
          null,
          1,
          1,
          1,
          1,
          1,
          null,
          1,
          1,
          1,
          null,
          null,
          1,
          1,
          null,
          null,
          null,
          1,
          1,
          1,
          1,
          null,
          1,
          1,
          null,
          null,
          1,
          null,
          null,
          null,
          1,
          1,
          1,
          1,
          null,
          1,
          1,
          1,
          null,
          null,
          1,
          null,
          null,
          null,
          null
        ]
      },
      "/Users/efrain/Documents/Interviews/koombea/twitter-clone-project/twitter-clone/app/controllers/application_controller.rb": {
        "lines": [
          1,
          1,
          null,
          1,
          null,
          1,
          0,
          null,
          null
        ]
      },
      "/Users/efrain/Documents/Interviews/koombea/twitter-clone-project/twitter-clone/app/controllers/users_controller.rb": {
        "lines": [
          1,
          1,
          null,
          1,
          12,
          12,
          null,
          null
        ]
      },
      "/Users/efrain/Documents/Interviews/koombea/twitter-clone-project/twitter-clone/app/controllers/users/followings_controller.rb": {
        "lines": [
          1,
          1,
          5,
          null,
          null
        ]
      },
      "/Users/efrain/Documents/Interviews/koombea/twitter-clone-project/twitter-clone/app/controllers/tweets_controller.rb": {
        "lines": [
          1,
          1,
          null,
          1,
          3,
          null,
          null,
          1,
          3,
          null,
          3,
          1,
          null,
          2,
          null,
          null,
          null,
          1,
          null,
          1,
          3,
          null,
          null
        ]
      }
    },
    "timestamp": 1604789468
  }
}
